<?xml version="1.0" encoding="UTF-8"?>
<testng-results total="1" passed="1" failed="0" skipped="0">
  <reporter-output>
  </reporter-output>
  <suite started-at="2023-05-17T00:52:37Z" name="CostcoProjectTest" finished-at="2023-05-17T00:52:45Z" duration-ms="8233">
    <groups>
    </groups>
    <test started-at="2023-05-17T00:52:37Z" name="Command line test" finished-at="2023-05-17T00:52:45Z" duration-ms="8233">
      <class name="CostcoProjectTest">
        <test-method is-config="true" signature="setUpClass()[pri:0, instance:CostcoProjectTest@ed9d034]" started-at="2023-05-16T19:52:37Z" name="setUpClass" finished-at="2023-05-16T19:52:37Z" duration-ms="4" status="PASS">
          <reporter-output>
          </reporter-output>
        </test-method> <!-- setUpClass -->
        <test-method is-config="true" signature="setUpMethod()[pri:0, instance:CostcoProjectTest@ed9d034]" started-at="2023-05-16T19:52:37Z" name="setUpMethod" finished-at="2023-05-16T19:52:38Z" duration-ms="1055" status="PASS">
          <reporter-output>
          </reporter-output>
        </test-method> <!-- setUpMethod -->
        <test-method signature="testUntitledTestCase()[pri:0, instance:CostcoProjectTest@ed9d034]" started-at="2023-05-16T19:52:38Z" name="testUntitledTestCase" finished-at="2023-05-16T19:52:45Z" duration-ms="7165" status="PASS">
          <reporter-output>
          </reporter-output>
        </test-method> <!-- testUntitledTestCase -->
        <test-method is-config="true" signature="tearDownMethod()[pri:0, instance:CostcoProjectTest@ed9d034]" started-at="2023-05-16T19:52:45Z" name="tearDownMethod" finished-at="2023-05-16T19:52:45Z" duration-ms="0" status="PASS">
          <reporter-output>
          </reporter-output>
        </test-method> <!-- tearDownMethod -->
        <test-method is-config="true" signature="tearDownClass()[pri:0, instance:CostcoProjectTest@ed9d034]" started-at="2023-05-16T19:52:45Z" name="tearDownClass" finished-at="2023-05-16T19:52:45Z" duration-ms="0" status="PASS">
          <reporter-output>
          </reporter-output>
        </test-method> <!-- tearDownClass -->
      </class> <!-- CostcoProjectTest -->
    </test> <!-- Command line test -->
  </suite> <!-- CostcoProjectTest -->
</testng-results>
